Configuring monad-logger-0.3.14...
Building monad-logger-0.3.14...
Preprocessing library monad-logger-0.3.14...
[1 of 1] Compiling Control.Monad.Logger ( Control/Monad/Logger.hs, .stack-work/dist/x86_64-linux/Cabal-1.22.4.0/build/Control/Monad/Logger.o )

Control/Monad/Logger.hs:106:1: Warning:
    Module ‘Control.Monad.Trans.Error’ is deprecated:
      Use Control.Monad.Trans.Except instead

Control/Monad/Logger.hs:208:26: Warning:
    In the use of type constructor or class ‘Error’
    (imported from Control.Monad.Trans.Error):
    Deprecated: "Use Control.Monad.Trans.Except instead"

Control/Monad/Logger.hs:208:51: Warning:
    In the use of type constructor or class ‘ErrorT’
    (imported from Control.Monad.Trans.Error):
    Deprecated: "Use Control.Monad.Trans.Except instead"

Control/Monad/Logger.hs:226:28: Warning:
    In the use of type constructor or class ‘Error’
    (imported from Control.Monad.Trans.Error):
    Deprecated: "Use Control.Monad.Trans.Except instead"

Control/Monad/Logger.hs:226:55: Warning:
    In the use of type constructor or class ‘ErrorT’
    (imported from Control.Monad.Trans.Error):
    Deprecated: "Use Control.Monad.Trans.Except instead"
In-place registering monad-logger-0.3.14...
Installing library in
/home/hefesto/.stack/snapshots/x86_64-linux/lts-3.10/7.10.2/lib/x86_64-linux-ghc-7.10.2/monad-logger-0.3.14-LPwgDi9JpFEGNVRYbWvREh
Registering monad-logger-0.3.14...
