Configuring multipart-0.1.2...
Building multipart-0.1.2...
Preprocessing library multipart-0.1.2...
[1 of 2] Compiling Network.Multipart.Header ( Network/Multipart/Header.hs, .stack-work/dist/x86_64-linux/Cabal-1.22.4.0/build/Network/Multipart/Header.o )

Network/Multipart/Header.hs:49:1: Warning:
    The import of ‘Data.Monoid’ is redundant
      except perhaps to import instances from ‘Data.Monoid’
    To import instances alone, use: import Data.Monoid()

Network/Multipart/Header.hs:145:1: Warning: Tab character

Network/Multipart/Header.hs:200:1: Warning: Tab character

Network/Multipart/Header.hs:218:1: Warning: Tab character

Network/Multipart/Header.hs:274:1: Warning: Tab character

Network/Multipart/Header.hs:275:1: Warning: Tab character

Network/Multipart/Header.hs:276:1: Warning: Tab character

Network/Multipart/Header.hs:309:1: Warning: Tab character
[2 of 2] Compiling Network.Multipart ( Network/Multipart.hs, .stack-work/dist/x86_64-linux/Cabal-1.22.4.0/build/Network/Multipart.o )
In-place registering multipart-0.1.2...
Installing library in
/home/hefesto/.stack/snapshots/x86_64-linux/lts-3.10/7.10.2/lib/x86_64-linux-ghc-7.10.2/multipart-0.1.2-IZ2tSdLrN676asJsvkwDSs
Registering multipart-0.1.2...
